Performing C SOURCE FILE Test CMAKE_HAVE_LIBC_PTHREAD failed with the following output:
Change Dir: /home/jliou4/genetic-programming/cuda_evolve/cuprof/build/CMakeFiles/CMakeTmp

Run Build Command(s):/usr/bin/make -f Makefile cmTC_f4bfb/fast && /usr/bin/make  -f CMakeFiles/cmTC_f4bfb.dir/build.make CMakeFiles/cmTC_f4bfb.dir/build
make[1]: Entering directory '/share/home/jliou4/genetic-programming/cuda_evolve/cuprof/build/CMakeFiles/CMakeTmp'
Building C object CMakeFiles/cmTC_f4bfb.dir/src.c.o
/usr/bin/cc -DCMAKE_HAVE_LIBC_PTHREAD   -o CMakeFiles/cmTC_f4bfb.dir/src.c.o -c /home/jliou4/genetic-programming/cuda_evolve/cuprof/build/CMakeFiles/CMakeTmp/src.c
Linking C executable cmTC_f4bfb
/opt/cmake-3.20.3-linux-x86_64/bin/cmake -E cmake_link_script CMakeFiles/cmTC_f4bfb.dir/link.txt --verbose=1
/usr/bin/cc CMakeFiles/cmTC_f4bfb.dir/src.c.o -o cmTC_f4bfb 
/usr/bin/ld: CMakeFiles/cmTC_f4bfb.dir/src.c.o: in function `main':
src.c:(.text+0x46): undefined reference to `pthread_create'
/usr/bin/ld: src.c:(.text+0x52): undefined reference to `pthread_detach'
/usr/bin/ld: src.c:(.text+0x5e): undefined reference to `pthread_cancel'
/usr/bin/ld: src.c:(.text+0x6f): undefined reference to `pthread_join'
collect2: error: ld returned 1 exit status
make[1]: *** [CMakeFiles/cmTC_f4bfb.dir/build.make:99: cmTC_f4bfb] Error 1
make[1]: Leaving directory '/share/home/jliou4/genetic-programming/cuda_evolve/cuprof/build/CMakeFiles/CMakeTmp'
make: *** [Makefile:127: cmTC_f4bfb/fast] Error 2


Source file was:
#include <pthread.h>

static void* test_func(void* data)
{
  return data;
}

int main(void)
{
  pthread_t thread;
  pthread_create(&thread, NULL, test_func, NULL);
  pthread_detach(thread);
  pthread_cancel(thread);
  pthread_join(thread, NULL);
  pthread_atfork(NULL, NULL, NULL);
  pthread_exit(NULL);

  return 0;
}

Determining if the function pthread_create exists in the pthreads failed with the following output:
Change Dir: /home/jliou4/genetic-programming/cuda_evolve/cuprof/build/CMakeFiles/CMakeTmp

Run Build Command(s):/usr/bin/make -f Makefile cmTC_103bd/fast && /usr/bin/make  -f CMakeFiles/cmTC_103bd.dir/build.make CMakeFiles/cmTC_103bd.dir/build
make[1]: Entering directory '/share/home/jliou4/genetic-programming/cuda_evolve/cuprof/build/CMakeFiles/CMakeTmp'
Building C object CMakeFiles/cmTC_103bd.dir/CheckFunctionExists.c.o
/usr/bin/cc   -DCHECK_FUNCTION_EXISTS=pthread_create -o CMakeFiles/cmTC_103bd.dir/CheckFunctionExists.c.o -c /opt/cmake-3.20.3-linux-x86_64/share/cmake-3.20/Modules/CheckFunctionExists.c
Linking C executable cmTC_103bd
/opt/cmake-3.20.3-linux-x86_64/bin/cmake -E cmake_link_script CMakeFiles/cmTC_103bd.dir/link.txt --verbose=1
/usr/bin/cc  -DCHECK_FUNCTION_EXISTS=pthread_create CMakeFiles/cmTC_103bd.dir/CheckFunctionExists.c.o -o cmTC_103bd  -lpthreads 
/usr/bin/ld: cannot find -lpthreads
collect2: error: ld returned 1 exit status
make[1]: *** [CMakeFiles/cmTC_103bd.dir/build.make:99: cmTC_103bd] Error 1
make[1]: Leaving directory '/share/home/jliou4/genetic-programming/cuda_evolve/cuprof/build/CMakeFiles/CMakeTmp'
make: *** [Makefile:127: cmTC_103bd/fast] Error 2



